2022-11-30 09:42:48.576 [main] INFO 
                com.EduApplication - Starting EduApplication on DESKTOP-KNGUOPT with PID 28580 (E:\aa_school\IdeaProjects\atguigu\edu_parent\service\service-edu\target\classes started by Luo in E:\aa_school\IdeaProjects\atguigu\edu_parent)
2022-11-30 09:42:48.584 [main] INFO 
                com.EduApplication - The following profiles are active: dev
2022-11-30 09:42:52.237 [main] INFO 
                o.s.d.r.config.RepositoryConfigurationDelegate - Multiple Spring Data modules found, entering strict repository configuration mode!
2022-11-30 09:42:52.243 [main] INFO 
                o.s.d.r.config.RepositoryConfigurationDelegate - Bootstrapping Spring Data repositories in DEFAULT mode.
2022-11-30 09:42:56.728 [main] INFO 
                o.s.d.r.config.RepositoryConfigurationDelegate - Finished Spring Data repository scanning in 4429ms. Found 0 repository interfaces.
2022-11-30 09:42:57.484 [main] INFO 
                o.s.c.s.PostProcessorRegistrationDelegate$BeanPostProcessorChecker - Bean 'org.springframework.transaction.annotation.ProxyTransactionManagementConfiguration' of type [org.springframework.transaction.annotation.ProxyTransactionManagementConfiguration] is not eligible for getting processed by all BeanPostProcessors (for example: not eligible for auto-proxying)
2022-11-30 09:42:59.725 [main] INFO 
                o.s.boot.web.embedded.tomcat.TomcatWebServer - Tomcat initialized with port(s): 8001 (http)
2022-11-30 09:42:59.738 [main] INFO 
                org.apache.coyote.http11.Http11NioProtocol - Initializing ProtocolHandler ["http-nio-8001"]
2022-11-30 09:42:59.739 [main] INFO 
                org.apache.catalina.core.StandardService - Starting service [Tomcat]
2022-11-30 09:42:59.739 [main] INFO 
                org.apache.catalina.core.StandardEngine - Starting Servlet engine: [Apache Tomcat/9.0.27]
2022-11-30 09:42:59.741 [main] INFO 
                org.apache.catalina.core.AprLifecycleListener - An older version [1.2.16] of the APR based Apache Tomcat Native library is installed, while Tomcat recommends a minimum version of [1.2.23]
2022-11-30 09:42:59.741 [main] INFO 
                org.apache.catalina.core.AprLifecycleListener - Loaded APR based Apache Tomcat Native library [1.2.16] using APR version [1.6.3].
2022-11-30 09:42:59.741 [main] INFO 
                org.apache.catalina.core.AprLifecycleListener - APR capabilities: IPv6 [true], sendfile [true], accept filters [false], random [true].
2022-11-30 09:42:59.741 [main] INFO 
                org.apache.catalina.core.AprLifecycleListener - APR/OpenSSL configuration: useAprConnector [false], useOpenSSL [true]
2022-11-30 09:43:01.055 [main] INFO 
                org.apache.catalina.core.AprLifecycleListener - OpenSSL successfully initialized [OpenSSL 1.0.2m  2 Nov 2017]
2022-11-30 09:43:01.733 [main] INFO 
                o.a.c.core.ContainerBase.[Tomcat].[localhost].[/] - Initializing Spring embedded WebApplicationContext
2022-11-30 09:43:01.733 [main] INFO 
                org.springframework.web.context.ContextLoader - Root WebApplicationContext: initialization completed in 12942 ms
2022-11-30 09:43:02.046 [main] INFO 
                com.zaxxer.hikari.HikariDataSource - HikariPool-1 - Starting...
2022-11-30 09:43:02.632 [main] INFO 
                com.zaxxer.hikari.HikariDataSource - HikariPool-1 - Start completed.
2022-11-30 09:43:05.185 [main] INFO 
                s.d.s.w.PropertySourcedRequestMappingHandlerMapping - Mapped URL path [/v2/api-docs] onto method [springfox.documentation.swagger2.web.Swagger2Controller#getDocumentation(String, HttpServletRequest)]
2022-11-30 09:43:05.370 [main] INFO 
                o.s.scheduling.concurrent.ThreadPoolTaskExecutor - Initializing ExecutorService 'applicationTaskExecutor'
2022-11-30 09:43:07.415 [main] INFO 
                s.d.s.web.plugins.DocumentationPluginsBootstrapper - Context refreshed
2022-11-30 09:43:07.489 [main] INFO 
                s.d.s.web.plugins.DocumentationPluginsBootstrapper - Found 1 custom documentation plugin(s)
2022-11-30 09:43:07.585 [main] INFO 
                s.d.spring.web.scanners.ApiListingReferenceScanner - Scanning for api listing references
2022-11-30 09:43:08.040 [main] INFO 
                s.d.s.w.r.operation.CachingOperationNameGenerator - Generating unique operation named: getTeacherByIdUsingGET_1
2022-11-30 09:43:08.105 [main] INFO 
                org.apache.coyote.http11.Http11NioProtocol - Starting ProtocolHandler ["http-nio-8001"]
2022-11-30 09:43:08.198 [main] INFO 
                o.s.boot.web.embedded.tomcat.TomcatWebServer - Tomcat started on port(s): 8001 (http) with context path ''
2022-11-30 09:43:08.203 [main] INFO 
                com.EduApplication - Started EduApplication in 21.384 seconds (JVM running for 28.086)
2022-11-30 09:43:52.249 [http-nio-8001-exec-2] INFO 
                o.a.c.core.ContainerBase.[Tomcat].[localhost].[/] - Initializing Spring DispatcherServlet 'dispatcherServlet'
2022-11-30 09:43:52.250 [http-nio-8001-exec-2] INFO 
                org.springframework.web.servlet.DispatcherServlet - Initializing Servlet 'dispatcherServlet'
2022-11-30 09:43:52.262 [http-nio-8001-exec-2] INFO 
                org.springframework.web.servlet.DispatcherServlet - Completed initialization in 12 ms
